yarn run v1.22.22
$ next build
  ▲ Next.js 14.2.28
  - Environments: .env.local
  - Experiments (use with caution):
    · outputFileTracingRoot

   Creating an optimized production build ...
 ✓ Compiled successfully
   Skipping linting
   Checking validity of types ...
   Collecting page data ...
   Generating static pages (0/4) ...
   Generating static pages (1/4) 
   Generating static pages (2/4) 
   Generating static pages (3/4) 
 ✓ Generating static pages (4/4)
   Finalizing page optimization ...
   Collecting build traces ...

Route (app)                              Size     First Load JS
┌ ○ /                                    39.2 kB         171 kB
├ ○ /_not-found                          871 B          88.1 kB
├ ƒ /api/generate                        0 B                0 B
└ ƒ /api/status/[jobId]                  0 B                0 B
+ First Load JS shared by all            87.2 kB
  ├ chunks/275-4e479b69393e6a5b.js       31.6 kB
  ├ chunks/a0b5f63a-1aaf04c296907aa5.js  53.6 kB
  └ other shared chunks (total)          1.96 kB


○  (Static)   prerendered as static content
ƒ  (Dynamic)  server-rendered on demand

Done in 16.57s.
