yarn run v1.22.22
$ next dev
  ▲ Next.js 14.2.28
  - Local:        http://localhost:3000
  - Environments: .env.local
  - Experiments (use with caution):
    · outputFileTracingRoot

 ✓ Starting...
 ✓ Ready in 2.2s
 ○ Compiling / ...
 ✓ Compiled / in 6.6s (1280 modules)
 HEAD / 200 in 7022ms
 ✓ Compiled in 806ms (644 modules)
 GET / 200 in 58ms
 GET / 200 in 75ms
 GET / 200 in 45ms
 ✓ Compiled in 507ms (644 modules)
 ✓ Compiled in 776ms (1248 modules)
 ✓ Compiled in 1647ms (1124 modules)
 ✓ Compiled in 776ms (1300 modules)
[?25h
