yarn run v1.22.22
$ next build
  ▲ Next.js 14.2.28
  - Experiments (use with caution):
    · outputFileTracingRoot

   Creating an optimized production build ...
 ✓ Compiled successfully
   Skipping linting
   Checking validity of types ...
   Collecting page data ...
   Generating static pages (0/4) ...
   Generating static pages (1/4) 
   Generating static pages (2/4) 
   Generating static pages (3/4) 
 ✓ Generating static pages (4/4)
   Finalizing page optimization ...
   Collecting build traces ...

Route (app)                              Size     First Load JS
┌ ○ /                                    73.1 kB         168 kB
└ ○ /_not-found                          871 B            88 kB
+ First Load JS shared by all            87.1 kB
  ├ chunks/275-4e479b69393e6a5b.js       31.6 kB
  ├ chunks/a0b5f63a-1aaf04c296907aa5.js  53.6 kB
  └ other shared chunks (total)          1.9 kB


○  (Static)  prerendered as static content

Done in 17.30s.
