yarn run v1.22.22
$ next dev
  ▲ Next.js 14.2.28
  - Local:        http://localhost:3000
  - Environments: .env.local
  - Experiments (use with caution):
    · outputFileTracingRoot

 ✓ Starting...
 ✓ Ready in 2.1s
 ○ Compiling / ...
 ✓ Compiled / in 4.5s (1327 modules)
 HEAD / 200 in 5061ms
 ✓ Compiled in 977ms (671 modules)
 GET / 200 in 70ms
 GET / 200 in 53ms
 GET / 200 in 42ms
 ○ Compiling /_not-found ...
 ✓ Compiled /_not-found in 859ms (1316 modules)
 GET /logo.png 404 in 1050ms
 GET / 200 in 189ms
 GET / 200 in 190ms
 GET / 200 in 43ms
 GET /logo.png 404 in 51ms
