yarn run v1.22.22
$ next dev
  ▲ Next.js 14.2.28
  - Local:        http://localhost:3000
  - Experiments (use with caution):
    · outputFileTracingRoot

 ✓ Starting...
Attention: Next.js now collects completely anonymous telemetry regarding usage.
This information is used to shape Next.js' roadmap and prioritize features.
You can learn more, including how to opt-out if you'd not like to participate in this anonymous program, by visiting the following URL:
https://nextjs.org/telemetry


   We detected TypeScript in your project and reconfigured your tsconfig.json file for you. Strict-mode is set to false by default.
   The following suggested values were added to your tsconfig.json. These values can be changed to fit your project's needs:

   	- include was updated to add '.dev/types/**/*.ts'

 ✓ Ready in 1601ms
 ○ Compiling / ...
 ✓ Compiled / in 6.5s (1276 modules)
 HEAD / 200 in 6894ms
 ✓ Compiled in 714ms (642 modules)
   Reload env: .env.local
 ✓ Compiled in 307ms (628 modules)
   Reload env: .env.local
 ✓ Compiled in 171ms (628 modules)
 ✓ Compiled in 386ms (642 modules)
 ✓ Compiled in 322ms (642 modules)
 ✓ Compiled in 277ms (642 modules)
 ✓ Compiled in 405ms (628 modules)
 ✓ Compiled in 326ms (642 modules)
 ✓ Compiled in 253ms (238 modules)
 ✓ Compiled in 941ms (644 modules)
[?25h
